<?xml version="1.0" encoding="UTF-8"?>
<!-- Generated by org.testng.reporters.JUnitReportReporter -->
<testsuite skipped="0" hostname="DESKTOP-I7SJH5S" name="runners.RerunFailedRunner" tests="1" failures="0" timestamp="2021-11-16T13:00:04 IST" time="21.717" errors="0">
  <testcase name="runScenario" time="21.717" classname="runners.RerunFailedRunner"/>
  <system-out/>
</testsuite> <!-- runners.RerunFailedRunner -->
